<?xml version="1.0" encoding="UTF-8"?>
<testsuite xmlns:xsi="http://www.w3.org/2001/XMLSchema-instance" xsi:noNamespaceSchemaLocation="https://maven.apache.org/surefire/maven-surefire-plugin/xsd/surefire-test-report-3.0.xsd" version="3.0" name="org.example.NewTests" time="0.0" tests="5" errors="0" skipped="0" failures="0">
  <properties>
[...]
</properties>
  <testcase name="test_C_001" classname="org.example.NewTests" time="0.0"/>
  <testcase name="test_C_002" classname="org.example.NewTests" time="0.0"/>
  <testcase name="test_C_003" classname="org.example.NewTests" time="0.0"/>
  <testcase name="test_C_004" classname="org.example.NewTests" time="0.0"/>
  <testcase name="test_C_005" classname="org.example.NewTests" time="0.0"/>
</testsuite>